have_func: checking for random()... -------------------- yes

"gcc-4.2 -o conftest -I/Users/TLuu/.rbenv/versions/2.0.0-p247/include/ruby-2.0.0/x86_64-darwin12.4.0 -I/Users/TLuu/.rbenv/versions/2.0.0-p247/include/ruby-2.0.0/ruby/backward -I/Users/TLuu/.rbenv/versions/2.0.0-p247/include/ruby-2.0.0 -I. -I'/Users/TLuu/.rbenv/versions/2.0.0-p247/include'  -D_XOPEN_SOURCE -D_DARWIN_C_SOURCE -D_DARWIN_UNLIMITED_SELECT -D_REENTRANT    -O3 -Wno-error=shorten-64-to-32  -pipe conftest.c  -L. -L/Users/TLuu/.rbenv/versions/2.0.0-p247/lib -L. -L'/Users/TLuu/.rbenv/versions/2.0.0-p247/lib'      -lruby-static  -lpthread -ldl -lobjc "
couldn't understand kern.osversion `14.3.0'
checked program was:
/* begin */
1: #include "ruby.h"
2: 
3: int main(int argc, char **argv)
4: {
5:   return 0;
6: }
/* end */

"gcc-4.2 -o conftest -I/Users/TLuu/.rbenv/versions/2.0.0-p247/include/ruby-2.0.0/x86_64-darwin12.4.0 -I/Users/TLuu/.rbenv/versions/2.0.0-p247/include/ruby-2.0.0/ruby/backward -I/Users/TLuu/.rbenv/versions/2.0.0-p247/include/ruby-2.0.0 -I. -I'/Users/TLuu/.rbenv/versions/2.0.0-p247/include'  -D_XOPEN_SOURCE -D_DARWIN_C_SOURCE -D_DARWIN_UNLIMITED_SELECT -D_REENTRANT    -O3 -Wno-error=shorten-64-to-32  -pipe conftest.c  -L. -L/Users/TLuu/.rbenv/versions/2.0.0-p247/lib -L. -L'/Users/TLuu/.rbenv/versions/2.0.0-p247/lib'      -lruby-static  -lpthread -ldl -lobjc "
couldn't understand kern.osversion `14.3.0'
checked program was:
/* begin */
 1: #include "ruby.h"
 2: 
 3: /*top*/
 4: extern int t(void);
 5: int t(void) { void ((*volatile p)()); p = (void ((*)()))random; return 0; }
 6: int main(int argc, char **argv)
 7: {
 8:   if (argc > 1000000) {
 9:     printf("%p", &t);
10:   }
11: 
12:   return 0;
13: }
/* end */

--------------------

have_func: checking for srandom()... -------------------- yes

"gcc-4.2 -o conftest -I/Users/TLuu/.rbenv/versions/2.0.0-p247/include/ruby-2.0.0/x86_64-darwin12.4.0 -I/Users/TLuu/.rbenv/versions/2.0.0-p247/include/ruby-2.0.0/ruby/backward -I/Users/TLuu/.rbenv/versions/2.0.0-p247/include/ruby-2.0.0 -I. -I'/Users/TLuu/.rbenv/versions/2.0.0-p247/include'  -D_XOPEN_SOURCE -D_DARWIN_C_SOURCE -D_DARWIN_UNLIMITED_SELECT -D_REENTRANT    -O3 -Wno-error=shorten-64-to-32  -pipe conftest.c  -L. -L/Users/TLuu/.rbenv/versions/2.0.0-p247/lib -L. -L'/Users/TLuu/.rbenv/versions/2.0.0-p247/lib'      -lruby-static  -lpthread -ldl -lobjc "
couldn't understand kern.osversion `14.3.0'
checked program was:
/* begin */
 1: #include "ruby.h"
 2: 
 3: /*top*/
 4: extern int t(void);
 5: int t(void) { void ((*volatile p)()); p = (void ((*)()))srandom; return 0; }
 6: int main(int argc, char **argv)
 7: {
 8:   if (argc > 1000000) {
 9:     printf("%p", &t);
10:   }
11: 
12:   return 0;
13: }
/* end */

--------------------

have_func: checking for rand()... -------------------- yes

"gcc-4.2 -o conftest -I/Users/TLuu/.rbenv/versions/2.0.0-p247/include/ruby-2.0.0/x86_64-darwin12.4.0 -I/Users/TLuu/.rbenv/versions/2.0.0-p247/include/ruby-2.0.0/ruby/backward -I/Users/TLuu/.rbenv/versions/2.0.0-p247/include/ruby-2.0.0 -I. -I'/Users/TLuu/.rbenv/versions/2.0.0-p247/include'  -D_XOPEN_SOURCE -D_DARWIN_C_SOURCE -D_DARWIN_UNLIMITED_SELECT -D_REENTRANT    -O3 -Wno-error=shorten-64-to-32  -pipe conftest.c  -L. -L/Users/TLuu/.rbenv/versions/2.0.0-p247/lib -L. -L'/Users/TLuu/.rbenv/versions/2.0.0-p247/lib'      -lruby-static  -lpthread -ldl -lobjc "
couldn't understand kern.osversion `14.3.0'
checked program was:
/* begin */
 1: #include "ruby.h"
 2: 
 3: /*top*/
 4: extern int t(void);
 5: int t(void) { void ((*volatile p)()); p = (void ((*)()))rand; return 0; }
 6: int main(int argc, char **argv)
 7: {
 8:   if (argc > 1000000) {
 9:     printf("%p", &t);
10:   }
11: 
12:   return 0;
13: }
/* end */

--------------------

have_func: checking for srand()... -------------------- yes

"gcc-4.2 -o conftest -I/Users/TLuu/.rbenv/versions/2.0.0-p247/include/ruby-2.0.0/x86_64-darwin12.4.0 -I/Users/TLuu/.rbenv/versions/2.0.0-p247/include/ruby-2.0.0/ruby/backward -I/Users/TLuu/.rbenv/versions/2.0.0-p247/include/ruby-2.0.0 -I. -I'/Users/TLuu/.rbenv/versions/2.0.0-p247/include'  -D_XOPEN_SOURCE -D_DARWIN_C_SOURCE -D_DARWIN_UNLIMITED_SELECT -D_REENTRANT    -O3 -Wno-error=shorten-64-to-32  -pipe conftest.c  -L. -L/Users/TLuu/.rbenv/versions/2.0.0-p247/lib -L. -L'/Users/TLuu/.rbenv/versions/2.0.0-p247/lib'      -lruby-static  -lpthread -ldl -lobjc "
couldn't understand kern.osversion `14.3.0'
checked program was:
/* begin */
 1: #include "ruby.h"
 2: 
 3: /*top*/
 4: extern int t(void);
 5: int t(void) { void ((*volatile p)()); p = (void ((*)()))srand; return 0; }
 6: int main(int argc, char **argv)
 7: {
 8:   if (argc > 1000000) {
 9:     printf("%p", &t);
10:   }
11: 
12:   return 0;
13: }
/* end */

--------------------

check_sizeof: checking size of unsigned long... -------------------- 8

"gcc-4.2 -I/Users/TLuu/.rbenv/versions/2.0.0-p247/include/ruby-2.0.0/x86_64-darwin12.4.0 -I/Users/TLuu/.rbenv/versions/2.0.0-p247/include/ruby-2.0.0/ruby/backward -I/Users/TLuu/.rbenv/versions/2.0.0-p247/include/ruby-2.0.0 -I. -I'/Users/TLuu/.rbenv/versions/2.0.0-p247/include'  -D_XOPEN_SOURCE -D_DARWIN_C_SOURCE -D_DARWIN_UNLIMITED_SELECT -D_REENTRANT    -O3 -Wno-error=shorten-64-to-32  -pipe   -c conftest.c"
couldn't understand kern.osversion `14.3.0'
conftest.c:7: error: size of array ‘conftest_const’ is negative
checked program was:
/* begin */
1: #include "ruby.h"
2: 
3: typedef unsigned long rbcv_typedef_;
4: static rbcv_typedef_ *rbcv_ptr_;
5: 
6: /*top*/
7: int conftest_const[(sizeof((*rbcv_ptr_)) < 0) ? 1 : -1];
/* end */

"gcc-4.2 -o conftest -I/Users/TLuu/.rbenv/versions/2.0.0-p247/include/ruby-2.0.0/x86_64-darwin12.4.0 -I/Users/TLuu/.rbenv/versions/2.0.0-p247/include/ruby-2.0.0/ruby/backward -I/Users/TLuu/.rbenv/versions/2.0.0-p247/include/ruby-2.0.0 -I. -I'/Users/TLuu/.rbenv/versions/2.0.0-p247/include'  -D_XOPEN_SOURCE -D_DARWIN_C_SOURCE -D_DARWIN_UNLIMITED_SELECT -D_REENTRANT    -O3 -Wno-error=shorten-64-to-32  -pipe conftest.c  -L. -L/Users/TLuu/.rbenv/versions/2.0.0-p247/lib -L. -L'/Users/TLuu/.rbenv/versions/2.0.0-p247/lib'      -lruby-static  -lpthread -ldl -lobjc "
couldn't understand kern.osversion `14.3.0'
checked program was:
/* begin */
 1: #include "ruby.h"
 2: 
 3: typedef unsigned long rbcv_typedef_;
 4: static rbcv_typedef_ *rbcv_ptr_;
 5: 
 6: #include <stdio.h>
 7: /*top*/
 8: typedef unsigned
 9: #ifdef PRI_LL_PREFIX
10: #define PRI_CONFTEST_PREFIX PRI_LL_PREFIX
11: LONG_LONG
12: #else
13: #define PRI_CONFTEST_PREFIX "l"
14: long
15: #endif
16: conftest_type;
17: conftest_type conftest_const = (conftest_type)(sizeof((*rbcv_ptr_)));
18: int main() {printf("%"PRI_CONFTEST_PREFIX"u\n", conftest_const); return 0;}
/* end */

./conftest |
--------------------

check_sizeof: checking size of unsigned int... -------------------- 4

"gcc-4.2 -I/Users/TLuu/.rbenv/versions/2.0.0-p247/include/ruby-2.0.0/x86_64-darwin12.4.0 -I/Users/TLuu/.rbenv/versions/2.0.0-p247/include/ruby-2.0.0/ruby/backward -I/Users/TLuu/.rbenv/versions/2.0.0-p247/include/ruby-2.0.0 -I. -I'/Users/TLuu/.rbenv/versions/2.0.0-p247/include'  -D_XOPEN_SOURCE -D_DARWIN_C_SOURCE -D_DARWIN_UNLIMITED_SELECT -D_REENTRANT    -O3 -Wno-error=shorten-64-to-32  -pipe   -c conftest.c"
couldn't understand kern.osversion `14.3.0'
conftest.c:7: error: size of array ‘conftest_const’ is negative
checked program was:
/* begin */
1: #include "ruby.h"
2: 
3: typedef unsigned int rbcv_typedef_;
4: static rbcv_typedef_ *rbcv_ptr_;
5: 
6: /*top*/
7: int conftest_const[(sizeof((*rbcv_ptr_)) < 0) ? 1 : -1];
/* end */

"gcc-4.2 -o conftest -I/Users/TLuu/.rbenv/versions/2.0.0-p247/include/ruby-2.0.0/x86_64-darwin12.4.0 -I/Users/TLuu/.rbenv/versions/2.0.0-p247/include/ruby-2.0.0/ruby/backward -I/Users/TLuu/.rbenv/versions/2.0.0-p247/include/ruby-2.0.0 -I. -I'/Users/TLuu/.rbenv/versions/2.0.0-p247/include'  -D_XOPEN_SOURCE -D_DARWIN_C_SOURCE -D_DARWIN_UNLIMITED_SELECT -D_REENTRANT    -O3 -Wno-error=shorten-64-to-32  -pipe conftest.c  -L. -L/Users/TLuu/.rbenv/versions/2.0.0-p247/lib -L. -L'/Users/TLuu/.rbenv/versions/2.0.0-p247/lib'      -lruby-static  -lpthread -ldl -lobjc "
couldn't understand kern.osversion `14.3.0'
checked program was:
/* begin */
 1: #include "ruby.h"
 2: 
 3: typedef unsigned int rbcv_typedef_;
 4: static rbcv_typedef_ *rbcv_ptr_;
 5: 
 6: #include <stdio.h>
 7: /*top*/
 8: typedef unsigned
 9: #ifdef PRI_LL_PREFIX
10: #define PRI_CONFTEST_PREFIX PRI_LL_PREFIX
11: LONG_LONG
12: #else
13: #define PRI_CONFTEST_PREFIX "l"
14: long
15: #endif
16: conftest_type;
17: conftest_type conftest_const = (conftest_type)(sizeof((*rbcv_ptr_)));
18: int main() {printf("%"PRI_CONFTEST_PREFIX"u\n", conftest_const); return 0;}
/* end */

./conftest |
--------------------

check_sizeof: checking size of unsigned int... -------------------- 4

"gcc-4.2 -I/Users/TLuu/.rbenv/versions/2.0.0-p247/include/ruby-2.0.0/x86_64-darwin12.4.0 -I/Users/TLuu/.rbenv/versions/2.0.0-p247/include/ruby-2.0.0/ruby/backward -I/Users/TLuu/.rbenv/versions/2.0.0-p247/include/ruby-2.0.0 -I. -I'/Users/TLuu/.rbenv/versions/2.0.0-p247/include'  -D_XOPEN_SOURCE -D_DARWIN_C_SOURCE -D_DARWIN_UNLIMITED_SELECT -D_REENTRANT    -O3 -Wno-error=shorten-64-to-32  -pipe   -c conftest.c"
couldn't understand kern.osversion `14.3.0'
conftest.c:7: error: size of array ‘conftest_const’ is negative
checked program was:
/* begin */
1: #include "ruby.h"
2: 
3: typedef unsigned int rbcv_typedef_;
4: static rbcv_typedef_ *rbcv_ptr_;
5: 
6: /*top*/
7: int conftest_const[(sizeof((*rbcv_ptr_)) < 0) ? 1 : -1];
/* end */

"gcc-4.2 -o conftest -I/Users/TLuu/.rbenv/versions/2.0.0-p247/include/ruby-2.0.0/x86_64-darwin12.4.0 -I/Users/TLuu/.rbenv/versions/2.0.0-p247/include/ruby-2.0.0/ruby/backward -I/Users/TLuu/.rbenv/versions/2.0.0-p247/include/ruby-2.0.0 -I. -I'/Users/TLuu/.rbenv/versions/2.0.0-p247/include'  -D_XOPEN_SOURCE -D_DARWIN_C_SOURCE -D_DARWIN_UNLIMITED_SELECT -D_REENTRANT    -O3 -Wno-error=shorten-64-to-32  -pipe conftest.c  -L. -L/Users/TLuu/.rbenv/versions/2.0.0-p247/lib -L. -L'/Users/TLuu/.rbenv/versions/2.0.0-p247/lib'      -lruby-static  -lpthread -ldl -lobjc "
couldn't understand kern.osversion `14.3.0'
checked program was:
/* begin */
 1: #include "ruby.h"
 2: 
 3: typedef unsigned int rbcv_typedef_;
 4: static rbcv_typedef_ *rbcv_ptr_;
 5: 
 6: #include <stdio.h>
 7: /*top*/
 8: typedef unsigned
 9: #ifdef PRI_LL_PREFIX
10: #define PRI_CONFTEST_PREFIX PRI_LL_PREFIX
11: LONG_LONG
12: #else
13: #define PRI_CONFTEST_PREFIX "l"
14: long
15: #endif
16: conftest_type;
17: conftest_type conftest_const = (conftest_type)(sizeof((*rbcv_ptr_)));
18: int main() {printf("%"PRI_CONFTEST_PREFIX"u\n", conftest_const); return 0;}
/* end */

./conftest |
--------------------

